<?xml version="1.0" encoding="UTF-8"?>
<!-- Generated by org.testng.reporters.JUnitXMLReporter -->
<testsuite hostname="DESKTOP-044PKM4" ignored="0" name="Default test" tests="5" failures="0" timestamp="01 Nov 2020 08:55:35 GMT" time="4.035" errors="0">
  <testcase name="registration" time="0.965" classname="com.facebookAutomation.Facebook"/>
  <testcase name="enterDate" time="0.332" classname="com.facebookAutomation.Facebook"/>
  <testcase name="entermonth" time="1.207" classname="com.facebookAutomation.Facebook"/>
  <testcase name="enterYear" time="1.102" classname="com.facebookAutomation.Facebook"/>
  <testcase name="selectRadiobtn" time="0.372" classname="com.facebookAutomation.Facebook"/>
</testsuite> <!-- Default test -->
